<?xml version="1.0" encoding="UTF-8"?>
<robot generator="Robot 6.1.1 (Python 3.11.2 on linux)" generated="20240715 15:18:44.870" rpa="false" schemaversion="4">
<suite id="s1" name="TestsBenchmark" source="/home/rjordao/gits/IDeSyDe/TestsBenchmark.robot">
<test id="s1-t1" name="Test for examples_and_benchmarks/CODES_ISSS_2023/a_sobel" line="10">
<kw name="Try Explore" library="IDeSyDeLibrary">
<var>${NumFound}</var>
<arg>examples_and_benchmarks/CODES_ISSS_2023/a_sobel/idesyde_input.fiodl</arg>
<msg timestamp="20240715 15:18:49.965" level="INFO">[90m[[0m2024-07-15T13:18:44Z [32mINFO [0m[90m][0m Run directory is test_runs</msg>
<msg timestamp="20240715 15:18:49.965" level="INFO">[90m[[0m2024-07-15T13:18:44Z [32mINFO [0m[90m][0m Final output set to explored_and_integrated.fiodl</msg>
<msg timestamp="20240715 15:18:49.966" level="INFO">[90m[[0m2024-07-15T13:18:46Z [32mINFO [0m[90m][0m A total of 5 modules and 4 explorers were detected.</msg>
<msg timestamp="20240715 15:18:49.966" level="INFO">[90m[[0m2024-07-15T13:18:46Z [32mINFO [0m[90m][0m Starting identification with 0 pre-identified decision models</msg>
<msg timestamp="20240715 15:18:49.967" level="INFO">[90m[[0m2024-07-15T13:18:48Z [32mINFO [0m[90m][0m Identified 20 decision model(s)</msg>
<msg timestamp="20240715 15:18:49.967" level="INFO">[90m[[0m2024-07-15T13:18:49Z [32mINFO [0m[90m][0m Acquired 5 dominant bidding(s) out of 5 bidding(s)</msg>
<msg timestamp="20240715 15:18:49.967" level="INFO">[90m[[0m2024-07-15T13:18:49Z [32mINFO [0m[90m][0m Starting exploration up to 1 solution(s)</msg>
<msg timestamp="20240715 15:18:49.967" level="INFO">[90m[[0m2024-07-15T13:18:49Z [32mINFO [0m[90m][0m Finished exploration with 1 total and 1 dominant solution(s)</msg>
<msg timestamp="20240715 15:18:49.967" level="INFO">[90m[[0m2024-07-15T13:18:49Z [32mINFO [0m[90m][0m Starting reverse identification</msg>
<msg timestamp="20240715 15:18:49.967" level="INFO">[90m[[0m2024-07-15T13:18:49Z [32mINFO [0m[90m][0m Finished reverse identification of 1 design model(s)</msg>
<msg timestamp="20240715 15:18:49.967" level="INFO">${NumFound} = 1</msg>
<status status="PASS" starttime="20240715 15:18:44.897" endtime="20240715 15:18:49.967"/>
</kw>
<kw name="Should Not Be Equal As Integers" library="BuiltIn">
<arg>${NumFound}</arg>
<arg>0</arg>
<doc>Fails if objects are equal after converting them to integers.</doc>
<msg timestamp="20240715 15:18:49.968" level="INFO">Argument types are:
&lt;class 'int'&gt;
&lt;class 'str'&gt;</msg>
<status status="PASS" starttime="20240715 15:18:49.968" endtime="20240715 15:18:49.968"/>
</kw>
<status status="PASS" starttime="20240715 15:18:44.896" endtime="20240715 15:18:49.969"/>
</test>
<test id="s1-t2" name="Test for examples_and_benchmarks/CODES_ISSS_2023/a_sobel_b_susan_c_rasta" line="14">
<kw name="Try Explore" library="IDeSyDeLibrary">
<var>${NumFound}</var>
<arg>examples_and_benchmarks/CODES_ISSS_2023/a_sobel_b_susan_c_rasta/idesyde_input.fiodl</arg>
<msg timestamp="20240715 15:18:57.014" level="INFO">[90m[[0m2024-07-15T13:18:49Z [32mINFO [0m[90m][0m Run directory is test_runs</msg>
<msg timestamp="20240715 15:18:57.014" level="INFO">[90m[[0m2024-07-15T13:18:49Z [32mINFO [0m[90m][0m Final output set to explored_and_integrated.fiodl</msg>
<msg timestamp="20240715 15:18:57.014" level="INFO">[90m[[0m2024-07-15T13:18:51Z [32mINFO [0m[90m][0m A total of 5 modules and 4 explorers were detected.</msg>
<msg timestamp="20240715 15:18:57.014" level="INFO">[90m[[0m2024-07-15T13:18:51Z [32mINFO [0m[90m][0m Starting identification with 0 pre-identified decision models</msg>
<msg timestamp="20240715 15:18:57.015" level="INFO">[90m[[0m2024-07-15T13:18:54Z [32mINFO [0m[90m][0m Identified 22 decision model(s)</msg>
<msg timestamp="20240715 15:18:57.015" level="INFO">[90m[[0m2024-07-15T13:18:55Z [32mINFO [0m[90m][0m Acquired 5 dominant bidding(s) out of 5 bidding(s)</msg>
<msg timestamp="20240715 15:18:57.015" level="INFO">[90m[[0m2024-07-15T13:18:55Z [32mINFO [0m[90m][0m Starting exploration up to 1 solution(s)</msg>
<msg timestamp="20240715 15:18:57.015" level="INFO">[90m[[0m2024-07-15T13:18:56Z [32mINFO [0m[90m][0m Finished exploration with 1 total and 1 dominant solution(s)</msg>
<msg timestamp="20240715 15:18:57.015" level="INFO">[90m[[0m2024-07-15T13:18:56Z [32mINFO [0m[90m][0m Starting reverse identification</msg>
<msg timestamp="20240715 15:18:57.015" level="INFO">[90m[[0m2024-07-15T13:18:56Z [32mINFO [0m[90m][0m Finished reverse identification of 1 design model(s)</msg>
<msg timestamp="20240715 15:18:57.016" level="INFO">${NumFound} = 1</msg>
<status status="PASS" starttime="20240715 15:18:49.970" endtime="20240715 15:18:57.016"/>
</kw>
<kw name="Should Not Be Equal As Integers" library="BuiltIn">
<arg>${NumFound}</arg>
<arg>0</arg>
<doc>Fails if objects are equal after converting them to integers.</doc>
<msg timestamp="20240715 15:18:57.016" level="INFO">Argument types are:
&lt;class 'int'&gt;
&lt;class 'str'&gt;</msg>
<status status="PASS" starttime="20240715 15:18:57.016" endtime="20240715 15:18:57.017"/>
</kw>
<status status="PASS" starttime="20240715 15:18:49.969" endtime="20240715 15:18:57.017"/>
</test>
<test id="s1-t3" name="Test for examples_and_benchmarks/CODES_ISSS_2023/a_sobel_b_susan_c_rasta_d_jpegEnc1" line="19">
<kw name="Try Explore" library="IDeSyDeLibrary">
<var>${NumFound}</var>
<arg>examples_and_benchmarks/CODES_ISSS_2023/a_sobel_b_susan_c_rasta_d_jpegEnc1/idesyde_input.fiodl</arg>
<msg timestamp="20240715 15:19:06.153" level="INFO">[90m[[0m2024-07-15T13:18:57Z [32mINFO [0m[90m][0m Run directory is test_runs</msg>
<msg timestamp="20240715 15:19:06.153" level="INFO">[90m[[0m2024-07-15T13:18:57Z [32mINFO [0m[90m][0m Final output set to explored_and_integrated.fiodl</msg>
<msg timestamp="20240715 15:19:06.154" level="INFO">[90m[[0m2024-07-15T13:18:58Z [32mINFO [0m[90m][0m A total of 5 modules and 4 explorers were detected.</msg>
<msg timestamp="20240715 15:19:06.154" level="INFO">[90m[[0m2024-07-15T13:18:58Z [32mINFO [0m[90m][0m Starting identification with 0 pre-identified decision models</msg>
<msg timestamp="20240715 15:19:06.155" level="INFO">[90m[[0m2024-07-15T13:19:02Z [32mINFO [0m[90m][0m Identified 23 decision model(s)</msg>
<msg timestamp="20240715 15:19:06.155" level="INFO">[90m[[0m2024-07-15T13:19:02Z [32mINFO [0m[90m][0m Acquired 5 dominant bidding(s) out of 5 bidding(s)</msg>
<msg timestamp="20240715 15:19:06.155" level="INFO">[90m[[0m2024-07-15T13:19:02Z [32mINFO [0m[90m][0m Starting exploration up to 1 solution(s)</msg>
<msg timestamp="20240715 15:19:06.155" level="INFO">[90m[[0m2024-07-15T13:19:05Z [32mINFO [0m[90m][0m Finished exploration with 1 total and 1 dominant solution(s)</msg>
<msg timestamp="20240715 15:19:06.155" level="INFO">[90m[[0m2024-07-15T13:19:05Z [32mINFO [0m[90m][0m Starting reverse identification</msg>
<msg timestamp="20240715 15:19:06.155" level="INFO">[90m[[0m2024-07-15T13:19:06Z [32mINFO [0m[90m][0m Finished reverse identification of 1 design model(s)</msg>
<msg timestamp="20240715 15:19:06.156" level="INFO">${NumFound} = 1</msg>
<status status="PASS" starttime="20240715 15:18:57.018" endtime="20240715 15:19:06.156"/>
</kw>
<kw name="Should Not Be Equal As Integers" library="BuiltIn">
<arg>${NumFound}</arg>
<arg>0</arg>
<doc>Fails if objects are equal after converting them to integers.</doc>
<msg timestamp="20240715 15:19:06.157" level="INFO">Argument types are:
&lt;class 'int'&gt;
&lt;class 'str'&gt;</msg>
<status status="PASS" starttime="20240715 15:19:06.156" endtime="20240715 15:19:06.157"/>
</kw>
<status status="PASS" starttime="20240715 15:18:57.017" endtime="20240715 15:19:06.157"/>
</test>
<test id="s1-t4" name="Test for examples_and_benchmarks/CODES_ISSS_2023/a_sobel_b_susan_d_jpegEnc1" line="24">
<kw name="Try Explore" library="IDeSyDeLibrary">
<var>${NumFound}</var>
<arg>examples_and_benchmarks/CODES_ISSS_2023/a_sobel_b_susan_d_jpegEnc1/idesyde_input.fiodl</arg>
<msg timestamp="20240715 15:19:16.484" level="INFO">[90m[[0m2024-07-15T13:19:06Z [32mINFO [0m[90m][0m Run directory is test_runs</msg>
<msg timestamp="20240715 15:19:16.484" level="INFO">[90m[[0m2024-07-15T13:19:06Z [32mINFO [0m[90m][0m Final output set to explored_and_integrated.fiodl</msg>
<msg timestamp="20240715 15:19:16.484" level="INFO">[90m[[0m2024-07-15T13:19:07Z [32mINFO [0m[90m][0m A total of 5 modules and 4 explorers were detected.</msg>
<msg timestamp="20240715 15:19:16.484" level="INFO">[90m[[0m2024-07-15T13:19:07Z [32mINFO [0m[90m][0m Starting identification with 0 pre-identified decision models</msg>
<msg timestamp="20240715 15:19:16.485" level="INFO">[90m[[0m2024-07-15T13:19:11Z [32mINFO [0m[90m][0m Identified 22 decision model(s)</msg>
<msg timestamp="20240715 15:19:16.485" level="INFO">[90m[[0m2024-07-15T13:19:11Z [32mINFO [0m[90m][0m Acquired 5 dominant bidding(s) out of 5 bidding(s)</msg>
<msg timestamp="20240715 15:19:16.485" level="INFO">[90m[[0m2024-07-15T13:19:11Z [32mINFO [0m[90m][0m Starting exploration up to 1 solution(s)</msg>
<msg timestamp="20240715 15:19:16.485" level="INFO">[90m[[0m2024-07-15T13:19:15Z [32mINFO [0m[90m][0m Finished exploration with 1 total and 1 dominant solution(s)</msg>
<msg timestamp="20240715 15:19:16.485" level="INFO">[90m[[0m2024-07-15T13:19:15Z [32mINFO [0m[90m][0m Starting reverse identification</msg>
<msg timestamp="20240715 15:19:16.485" level="INFO">[90m[[0m2024-07-15T13:19:16Z [32mINFO [0m[90m][0m Finished reverse identification of 1 design model(s)</msg>
<msg timestamp="20240715 15:19:16.486" level="INFO">${NumFound} = 1</msg>
<status status="PASS" starttime="20240715 15:19:06.159" endtime="20240715 15:19:16.486"/>
</kw>
<kw name="Should Not Be Equal As Integers" library="BuiltIn">
<arg>${NumFound}</arg>
<arg>0</arg>
<doc>Fails if objects are equal after converting them to integers.</doc>
<msg timestamp="20240715 15:19:16.486" level="INFO">Argument types are:
&lt;class 'int'&gt;
&lt;class 'str'&gt;</msg>
<status status="PASS" starttime="20240715 15:19:16.486" endtime="20240715 15:19:16.486"/>
</kw>
<status status="PASS" starttime="20240715 15:19:06.158" endtime="20240715 15:19:16.487"/>
</test>
<test id="s1-t5" name="Test for examples_and_benchmarks/CODES_ISSS_2023/a_sobel_c_rasta_d_jpegEnc1" line="29">
<kw name="Try Explore" library="IDeSyDeLibrary">
<var>${NumFound}</var>
<arg>examples_and_benchmarks/CODES_ISSS_2023/a_sobel_c_rasta_d_jpegEnc1/idesyde_input.fiodl</arg>
<msg timestamp="20240715 15:19:27.004" level="INFO">[90m[[0m2024-07-15T13:19:16Z [32mINFO [0m[90m][0m Run directory is test_runs</msg>
<msg timestamp="20240715 15:19:27.005" level="INFO">[90m[[0m2024-07-15T13:19:16Z [32mINFO [0m[90m][0m Final output set to explored_and_integrated.fiodl</msg>
<msg timestamp="20240715 15:19:27.005" level="INFO">[90m[[0m2024-07-15T13:19:18Z [32mINFO [0m[90m][0m A total of 5 modules and 4 explorers were detected.</msg>
<msg timestamp="20240715 15:19:27.005" level="INFO">[90m[[0m2024-07-15T13:19:18Z [32mINFO [0m[90m][0m Starting identification with 0 pre-identified decision models</msg>
<msg timestamp="20240715 15:19:27.006" level="INFO">[90m[[0m2024-07-15T13:19:22Z [32mINFO [0m[90m][0m Identified 22 decision model(s)</msg>
<msg timestamp="20240715 15:19:27.006" level="INFO">[90m[[0m2024-07-15T13:19:23Z [32mINFO [0m[90m][0m Acquired 5 dominant bidding(s) out of 5 bidding(s)</msg>
<msg timestamp="20240715 15:19:27.006" level="INFO">[90m[[0m2024-07-15T13:19:23Z [32mINFO [0m[90m][0m Starting exploration up to 1 solution(s)</msg>
<msg timestamp="20240715 15:19:27.006" level="INFO">[90m[[0m2024-07-15T13:19:25Z [32mINFO [0m[90m][0m Finished exploration with 1 total and 1 dominant solution(s)</msg>
<msg timestamp="20240715 15:19:27.006" level="INFO">[90m[[0m2024-07-15T13:19:25Z [32mINFO [0m[90m][0m Starting reverse identification</msg>
<msg timestamp="20240715 15:19:27.006" level="INFO">[90m[[0m2024-07-15T13:19:26Z [32mINFO [0m[90m][0m Finished reverse identification of 1 design model(s)</msg>
<msg timestamp="20240715 15:19:27.006" level="INFO">${NumFound} = 1</msg>
<status status="PASS" starttime="20240715 15:19:16.488" endtime="20240715 15:19:27.006"/>
</kw>
<kw name="Should Not Be Equal As Integers" library="BuiltIn">
<arg>${NumFound}</arg>
<arg>0</arg>
<doc>Fails if objects are equal after converting them to integers.</doc>
<msg timestamp="20240715 15:19:27.007" level="INFO">Argument types are:
&lt;class 'int'&gt;
&lt;class 'str'&gt;</msg>
<status status="PASS" starttime="20240715 15:19:27.006" endtime="20240715 15:19:27.007"/>
</kw>
<status status="PASS" starttime="20240715 15:19:16.487" endtime="20240715 15:19:27.007"/>
</test>
<test id="s1-t6" name="Test for examples_and_benchmarks/CODES_ISSS_2023/b_susan_c_rasta_d_jpegEnc1" line="34">
<kw name="Try Explore" library="IDeSyDeLibrary">
<var>${NumFound}</var>
<arg>examples_and_benchmarks/CODES_ISSS_2023/b_susan_c_rasta_d_jpegEnc1/idesyde_input.fiodl</arg>
<msg timestamp="20240715 15:19:38.183" level="INFO">[90m[[0m2024-07-15T13:19:27Z [32mINFO [0m[90m][0m Run directory is test_runs</msg>
<msg timestamp="20240715 15:19:38.183" level="INFO">[90m[[0m2024-07-15T13:19:27Z [32mINFO [0m[90m][0m Final output set to explored_and_integrated.fiodl</msg>
<msg timestamp="20240715 15:19:38.184" level="INFO">[90m[[0m2024-07-15T13:19:28Z [32mINFO [0m[90m][0m A total of 5 modules and 4 explorers were detected.</msg>
<msg timestamp="20240715 15:19:38.184" level="INFO">[90m[[0m2024-07-15T13:19:28Z [32mINFO [0m[90m][0m Starting identification with 0 pre-identified decision models</msg>
<msg timestamp="20240715 15:19:38.185" level="INFO">[90m[[0m2024-07-15T13:19:31Z [32mINFO [0m[90m][0m Identified 22 decision model(s)</msg>
<msg timestamp="20240715 15:19:38.185" level="INFO">[90m[[0m2024-07-15T13:19:32Z [32mINFO [0m[90m][0m Acquired 5 dominant bidding(s) out of 5 bidding(s)</msg>
<msg timestamp="20240715 15:19:38.185" level="INFO">[90m[[0m2024-07-15T13:19:32Z [32mINFO [0m[90m][0m Starting exploration up to 1 solution(s)</msg>
<msg timestamp="20240715 15:19:38.185" level="INFO">[90m[[0m2024-07-15T13:19:37Z [32mINFO [0m[90m][0m Finished exploration with 1 total and 1 dominant solution(s)</msg>
<msg timestamp="20240715 15:19:38.185" level="INFO">[90m[[0m2024-07-15T13:19:37Z [32mINFO [0m[90m][0m Starting reverse identification</msg>
<msg timestamp="20240715 15:19:38.185" level="INFO">[90m[[0m2024-07-15T13:19:38Z [32mINFO [0m[90m][0m Finished reverse identification of 1 design model(s)</msg>
<msg timestamp="20240715 15:19:38.186" level="INFO">${NumFound} = 1</msg>
<status status="PASS" starttime="20240715 15:19:27.008" endtime="20240715 15:19:38.186"/>
</kw>
<kw name="Should Not Be Equal As Integers" library="BuiltIn">
<arg>${NumFound}</arg>
<arg>0</arg>
<doc>Fails if objects are equal after converting them to integers.</doc>
<msg timestamp="20240715 15:19:38.187" level="INFO">Argument types are:
&lt;class 'int'&gt;
&lt;class 'str'&gt;</msg>
<status status="PASS" starttime="20240715 15:19:38.186" endtime="20240715 15:19:38.187"/>
</kw>
<status status="PASS" starttime="20240715 15:19:27.007" endtime="20240715 15:19:38.187"/>
</test>
<test id="s1-t7" name="Test for examples_and_benchmarks/CODES_ISSS_2023/c_rasta_d_jpegEnc1" line="39">
<kw name="Try Explore" library="IDeSyDeLibrary">
<var>${NumFound}</var>
<arg>examples_and_benchmarks/CODES_ISSS_2023/c_rasta_d_jpegEnc1/idesyde_input.fiodl</arg>
<msg timestamp="20240715 15:19:48.909" level="INFO">[90m[[0m2024-07-15T13:19:38Z [32mINFO [0m[90m][0m Run directory is test_runs</msg>
<msg timestamp="20240715 15:19:48.909" level="INFO">[90m[[0m2024-07-15T13:19:38Z [32mINFO [0m[90m][0m Final output set to explored_and_integrated.fiodl</msg>
<msg timestamp="20240715 15:19:48.909" level="INFO">[90m[[0m2024-07-15T13:19:39Z [32mINFO [0m[90m][0m A total of 5 modules and 4 explorers were detected.</msg>
<msg timestamp="20240715 15:19:48.909" level="INFO">[90m[[0m2024-07-15T13:19:39Z [32mINFO [0m[90m][0m Starting identification with 0 pre-identified decision models</msg>
<msg timestamp="20240715 15:19:48.911" level="INFO">[90m[[0m2024-07-15T13:19:43Z [32mINFO [0m[90m][0m Identified 21 decision model(s)</msg>
<msg timestamp="20240715 15:19:48.911" level="INFO">[90m[[0m2024-07-15T13:19:43Z [32mINFO [0m[90m][0m Acquired 5 dominant bidding(s) out of 5 bidding(s)</msg>
<msg timestamp="20240715 15:19:48.911" level="INFO">[90m[[0m2024-07-15T13:19:43Z [32mINFO [0m[90m][0m Starting exploration up to 1 solution(s)</msg>
<msg timestamp="20240715 15:19:48.911" level="INFO">[90m[[0m2024-07-15T13:19:48Z [32mINFO [0m[90m][0m Finished exploration with 1 total and 1 dominant solution(s)</msg>
<msg timestamp="20240715 15:19:48.911" level="INFO">[90m[[0m2024-07-15T13:19:48Z [32mINFO [0m[90m][0m Starting reverse identification</msg>
<msg timestamp="20240715 15:19:48.911" level="INFO">[90m[[0m2024-07-15T13:19:48Z [32mINFO [0m[90m][0m Finished reverse identification of 1 design model(s)</msg>
<msg timestamp="20240715 15:19:48.912" level="INFO">${NumFound} = 1</msg>
<status status="PASS" starttime="20240715 15:19:38.189" endtime="20240715 15:19:48.912"/>
</kw>
<kw name="Should Not Be Equal As Integers" library="BuiltIn">
<arg>${NumFound}</arg>
<arg>0</arg>
<doc>Fails if objects are equal after converting them to integers.</doc>
<msg timestamp="20240715 15:19:48.913" level="INFO">Argument types are:
&lt;class 'int'&gt;
&lt;class 'str'&gt;</msg>
<status status="PASS" starttime="20240715 15:19:48.912" endtime="20240715 15:19:48.913"/>
</kw>
<status status="PASS" starttime="20240715 15:19:38.188" endtime="20240715 15:19:48.913"/>
</test>
<test id="s1-t8" name="Test for examples_and_benchmarks/CODES_ISSS_2023/g10_3_cycl" line="44">
<kw name="Try Explore" library="IDeSyDeLibrary">
<var>${NumFound}</var>
<arg>examples_and_benchmarks/CODES_ISSS_2023/g10_3_cycl/idesyde_input.fiodl</arg>
<msg timestamp="20240715 15:19:54.830" level="INFO">[90m[[0m2024-07-15T13:19:48Z [32mINFO [0m[90m][0m Run directory is test_runs</msg>
<msg timestamp="20240715 15:19:54.830" level="INFO">[90m[[0m2024-07-15T13:19:48Z [32mINFO [0m[90m][0m Final output set to explored_and_integrated.fiodl</msg>
<msg timestamp="20240715 15:19:54.830" level="INFO">[90m[[0m2024-07-15T13:19:50Z [32mINFO [0m[90m][0m A total of 5 modules and 4 explorers were detected.</msg>
<msg timestamp="20240715 15:19:54.830" level="INFO">[90m[[0m2024-07-15T13:19:50Z [32mINFO [0m[90m][0m Starting identification with 0 pre-identified decision models</msg>
<msg timestamp="20240715 15:19:54.831" level="INFO">[90m[[0m2024-07-15T13:19:53Z [32mINFO [0m[90m][0m Identified 20 decision model(s)</msg>
<msg timestamp="20240715 15:19:54.831" level="INFO">[90m[[0m2024-07-15T13:19:53Z [32mINFO [0m[90m][0m Acquired 5 dominant bidding(s) out of 5 bidding(s)</msg>
<msg timestamp="20240715 15:19:54.831" level="INFO">[90m[[0m2024-07-15T13:19:53Z [32mINFO [0m[90m][0m Starting exploration up to 1 solution(s)</msg>
<msg timestamp="20240715 15:19:54.831" level="INFO">[90m[[0m2024-07-15T13:19:54Z [32mINFO [0m[90m][0m Finished exploration with 1 total and 1 dominant solution(s)</msg>
<msg timestamp="20240715 15:19:54.831" level="INFO">[90m[[0m2024-07-15T13:19:54Z [32mINFO [0m[90m][0m Starting reverse identification</msg>
<msg timestamp="20240715 15:19:54.831" level="INFO">[90m[[0m2024-07-15T13:19:54Z [32mINFO [0m[90m][0m Finished reverse identification of 1 design model(s)</msg>
<msg timestamp="20240715 15:19:54.832" level="INFO">${NumFound} = 1</msg>
<status status="PASS" starttime="20240715 15:19:48.915" endtime="20240715 15:19:54.832"/>
</kw>
<kw name="Should Not Be Equal As Integers" library="BuiltIn">
<arg>${NumFound}</arg>
<arg>0</arg>
<doc>Fails if objects are equal after converting them to integers.</doc>
<msg timestamp="20240715 15:19:54.832" level="INFO">Argument types are:
&lt;class 'int'&gt;
&lt;class 'str'&gt;</msg>
<status status="PASS" starttime="20240715 15:19:54.832" endtime="20240715 15:19:54.832"/>
</kw>
<status status="PASS" starttime="20240715 15:19:48.914" endtime="20240715 15:19:54.833"/>
</test>
<test id="s1-t9" name="Test for examples_and_benchmarks/DASC2023/flight-information-function-50" line="88">
<kw name="Try Explore" library="IDeSyDeLibrary">
<var>${NumFound}</var>
<arg>examples_and_benchmarks/DASC2023/flight-information-function-50</arg>
<msg timestamp="20240715 15:19:59.342" level="INFO">[90m[[0m2024-07-15T13:19:54Z [32mINFO [0m[90m][0m Run directory is test_runs</msg>
<msg timestamp="20240715 15:19:59.342" level="INFO">[90m[[0m2024-07-15T13:19:54Z [32mINFO [0m[90m][0m Final output set to explored_and_integrated.fiodl</msg>
<msg timestamp="20240715 15:19:59.342" level="INFO">[90m[[0m2024-07-15T13:19:56Z [32mINFO [0m[90m][0m A total of 5 modules and 4 explorers were detected.</msg>
<msg timestamp="20240715 15:19:59.342" level="INFO">[90m[[0m2024-07-15T13:19:56Z [32mINFO [0m[90m][0m Starting identification with 0 pre-identified decision models</msg>
<msg timestamp="20240715 15:19:59.343" level="INFO">[90m[[0m2024-07-15T13:19:58Z [32mINFO [0m[90m][0m Identified 10 decision model(s)</msg>
<msg timestamp="20240715 15:19:59.343" level="INFO">[90m[[0m2024-07-15T13:19:58Z [32mINFO [0m[90m][0m Acquired 1 dominant bidding(s) out of 1 bidding(s)</msg>
<msg timestamp="20240715 15:19:59.343" level="INFO">[90m[[0m2024-07-15T13:19:58Z [32mINFO [0m[90m][0m Starting exploration up to 1 solution(s)</msg>
<msg timestamp="20240715 15:19:59.343" level="INFO">[90m[[0m2024-07-15T13:19:59Z [32mINFO [0m[90m][0m Finished exploration with 1 total and 1 dominant solution(s)</msg>
<msg timestamp="20240715 15:19:59.343" level="INFO">[90m[[0m2024-07-15T13:19:59Z [32mINFO [0m[90m][0m Starting reverse identification</msg>
<msg timestamp="20240715 15:19:59.343" level="INFO">[90m[[0m2024-07-15T13:19:59Z [32mINFO [0m[90m][0m Finished reverse identification of 1 design model(s)</msg>
<msg timestamp="20240715 15:19:59.344" level="INFO">${NumFound} = 1</msg>
<status status="PASS" starttime="20240715 15:19:54.833" endtime="20240715 15:19:59.344"/>
</kw>
<kw name="Should Not Be Equal As Integers" library="BuiltIn">
<arg>${NumFound}</arg>
<arg>0</arg>
<doc>Fails if objects are equal after converting them to integers.</doc>
<msg timestamp="20240715 15:19:59.344" level="INFO">Argument types are:
&lt;class 'int'&gt;
&lt;class 'str'&gt;</msg>
<status status="PASS" starttime="20240715 15:19:59.344" endtime="20240715 15:19:59.344"/>
</kw>
<status status="PASS" starttime="20240715 15:19:54.833" endtime="20240715 15:19:59.345"/>
</test>
<test id="s1-t10" name="Test for examples_and_benchmarks/DASC2023/radar-aesa-function-scenario1" line="114">
<kw name="Try Explore" library="IDeSyDeLibrary">
<var>${NumFound}</var>
<arg>examples_and_benchmarks/DASC2023/radar-aesa-function-scenario1</arg>
<msg timestamp="20240715 15:20:02.321" level="INFO">[90m[[0m2024-07-15T13:19:59Z [32mINFO [0m[90m][0m Run directory is test_runs</msg>
<msg timestamp="20240715 15:20:02.321" level="INFO">[90m[[0m2024-07-15T13:19:59Z [32mINFO [0m[90m][0m Final output set to explored_and_integrated.fiodl</msg>
<msg timestamp="20240715 15:20:02.321" level="INFO">[90m[[0m2024-07-15T13:20:00Z [32mINFO [0m[90m][0m A total of 5 modules and 4 explorers were detected.</msg>
<msg timestamp="20240715 15:20:02.321" level="INFO">[90m[[0m2024-07-15T13:20:00Z [32mINFO [0m[90m][0m Starting identification with 0 pre-identified decision models</msg>
<msg timestamp="20240715 15:20:02.322" level="INFO">[90m[[0m2024-07-15T13:20:02Z [32mINFO [0m[90m][0m Identified 9 decision model(s)</msg>
<msg timestamp="20240715 15:20:02.322" level="INFO">[90m[[0m2024-07-15T13:20:02Z [32mINFO [0m[90m][0m Acquired 0 dominant bidding(s) out of 0 bidding(s)</msg>
<msg timestamp="20240715 15:20:02.322" level="INFO">[90m[[0m2024-07-15T13:20:02Z [32mINFO [0m[90m][0m No dominant bidding to start exploration. Finished</msg>
<msg timestamp="20240715 15:20:02.322" level="INFO">${NumFound} = 0</msg>
<status status="PASS" starttime="20240715 15:19:59.346" endtime="20240715 15:20:02.322"/>
</kw>
<kw name="Should Be Equal As Integers" library="BuiltIn">
<arg>${NumFound}</arg>
<arg>0</arg>
<doc>Fails if objects are unequal after converting them to integers.</doc>
<msg timestamp="20240715 15:20:02.323" level="INFO">Argument types are:
&lt;class 'int'&gt;
&lt;class 'str'&gt;</msg>
<status status="PASS" starttime="20240715 15:20:02.322" endtime="20240715 15:20:02.323"/>
</kw>
<status status="PASS" starttime="20240715 15:19:59.345" endtime="20240715 15:20:02.323"/>
</test>
<test id="s1-t11" name="Test for examples_and_benchmarks/DASC2023/radar-aesa-function-scenario1-12_5" line="118">
<kw name="Try Explore" library="IDeSyDeLibrary">
<var>${NumFound}</var>
<arg>examples_and_benchmarks/DASC2023/radar-aesa-function-scenario1-12_5</arg>
<msg timestamp="20240715 15:20:05.380" level="INFO">[90m[[0m2024-07-15T13:20:02Z [32mINFO [0m[90m][0m Run directory is test_runs</msg>
<msg timestamp="20240715 15:20:05.381" level="INFO">[90m[[0m2024-07-15T13:20:02Z [32mINFO [0m[90m][0m Final output set to explored_and_integrated.fiodl</msg>
<msg timestamp="20240715 15:20:05.381" level="INFO">[90m[[0m2024-07-15T13:20:03Z [32mINFO [0m[90m][0m A total of 5 modules and 4 explorers were detected.</msg>
<msg timestamp="20240715 15:20:05.381" level="INFO">[90m[[0m2024-07-15T13:20:03Z [32mINFO [0m[90m][0m Starting identification with 0 pre-identified decision models</msg>
<msg timestamp="20240715 15:20:05.382" level="INFO">[90m[[0m2024-07-15T13:20:05Z [32mINFO [0m[90m][0m Identified 9 decision model(s)</msg>
<msg timestamp="20240715 15:20:05.382" level="INFO">[90m[[0m2024-07-15T13:20:05Z [32mINFO [0m[90m][0m Acquired 0 dominant bidding(s) out of 0 bidding(s)</msg>
<msg timestamp="20240715 15:20:05.382" level="INFO">[90m[[0m2024-07-15T13:20:05Z [32mINFO [0m[90m][0m No dominant bidding to start exploration. Finished</msg>
<msg timestamp="20240715 15:20:05.382" level="INFO">${NumFound} = 0</msg>
<status status="PASS" starttime="20240715 15:20:02.325" endtime="20240715 15:20:05.382"/>
</kw>
<kw name="Should Be Equal As Integers" library="BuiltIn">
<arg>${NumFound}</arg>
<arg>0</arg>
<doc>Fails if objects are unequal after converting them to integers.</doc>
<msg timestamp="20240715 15:20:05.382" level="INFO">Argument types are:
&lt;class 'int'&gt;
&lt;class 'str'&gt;</msg>
<status status="PASS" starttime="20240715 15:20:05.382" endtime="20240715 15:20:05.383"/>
</kw>
<status status="PASS" starttime="20240715 15:20:02.324" endtime="20240715 15:20:05.383"/>
</test>
<test id="s1-t12" name="Test for examples_and_benchmarks/DASC2023/radar-aesa-function-scenario1-25" line="122">
<kw name="Try Explore" library="IDeSyDeLibrary">
<var>${NumFound}</var>
<arg>examples_and_benchmarks/DASC2023/radar-aesa-function-scenario1-25</arg>
<msg timestamp="20240715 15:20:08.328" level="INFO">[90m[[0m2024-07-15T13:20:05Z [32mINFO [0m[90m][0m Run directory is test_runs</msg>
<msg timestamp="20240715 15:20:08.328" level="INFO">[90m[[0m2024-07-15T13:20:05Z [32mINFO [0m[90m][0m Final output set to explored_and_integrated.fiodl</msg>
<msg timestamp="20240715 15:20:08.328" level="INFO">[90m[[0m2024-07-15T13:20:06Z [32mINFO [0m[90m][0m A total of 5 modules and 4 explorers were detected.</msg>
<msg timestamp="20240715 15:20:08.328" level="INFO">[90m[[0m2024-07-15T13:20:06Z [32mINFO [0m[90m][0m Starting identification with 0 pre-identified decision models</msg>
<msg timestamp="20240715 15:20:08.329" level="INFO">[90m[[0m2024-07-15T13:20:08Z [32mINFO [0m[90m][0m Identified 9 decision model(s)</msg>
<msg timestamp="20240715 15:20:08.330" level="INFO">[90m[[0m2024-07-15T13:20:08Z [32mINFO [0m[90m][0m Acquired 0 dominant bidding(s) out of 0 bidding(s)</msg>
<msg timestamp="20240715 15:20:08.330" level="INFO">[90m[[0m2024-07-15T13:20:08Z [32mINFO [0m[90m][0m No dominant bidding to start exploration. Finished</msg>
<msg timestamp="20240715 15:20:08.330" level="INFO">${NumFound} = 0</msg>
<status status="PASS" starttime="20240715 15:20:05.384" endtime="20240715 15:20:08.330"/>
</kw>
<kw name="Should Be Equal As Integers" library="BuiltIn">
<arg>${NumFound}</arg>
<arg>0</arg>
<doc>Fails if objects are unequal after converting them to integers.</doc>
<msg timestamp="20240715 15:20:08.331" level="INFO">Argument types are:
&lt;class 'int'&gt;
&lt;class 'str'&gt;</msg>
<status status="PASS" starttime="20240715 15:20:08.330" endtime="20240715 15:20:08.331"/>
</kw>
<status status="PASS" starttime="20240715 15:20:05.383" endtime="20240715 15:20:08.331"/>
</test>
<test id="s1-t13" name="Test for examples_and_benchmarks/DASC2023/radar-aesa-function-scenario1-3_125" line="126">
<kw name="Try Explore" library="IDeSyDeLibrary">
<var>${NumFound}</var>
<arg>examples_and_benchmarks/DASC2023/radar-aesa-function-scenario1-3_125</arg>
<msg timestamp="20240715 15:20:12.084" level="INFO">[90m[[0m2024-07-15T13:20:08Z [32mINFO [0m[90m][0m Run directory is test_runs</msg>
<msg timestamp="20240715 15:20:12.084" level="INFO">[90m[[0m2024-07-15T13:20:08Z [32mINFO [0m[90m][0m Final output set to explored_and_integrated.fiodl</msg>
<msg timestamp="20240715 15:20:12.084" level="INFO">[90m[[0m2024-07-15T13:20:09Z [32mINFO [0m[90m][0m A total of 5 modules and 4 explorers were detected.</msg>
<msg timestamp="20240715 15:20:12.084" level="INFO">[90m[[0m2024-07-15T13:20:09Z [32mINFO [0m[90m][0m Starting identification with 0 pre-identified decision models</msg>
<msg timestamp="20240715 15:20:12.085" level="INFO">[90m[[0m2024-07-15T13:20:11Z [32mINFO [0m[90m][0m Identified 10 decision model(s)</msg>
<msg timestamp="20240715 15:20:12.085" level="INFO">[90m[[0m2024-07-15T13:20:11Z [32mINFO [0m[90m][0m Acquired 1 dominant bidding(s) out of 1 bidding(s)</msg>
<msg timestamp="20240715 15:20:12.085" level="INFO">[90m[[0m2024-07-15T13:20:11Z [32mINFO [0m[90m][0m Starting exploration up to 1 solution(s)</msg>
<msg timestamp="20240715 15:20:12.085" level="INFO">[90m[[0m2024-07-15T13:20:12Z [32mINFO [0m[90m][0m Finished exploration with 1 total and 1 dominant solution(s)</msg>
<msg timestamp="20240715 15:20:12.085" level="INFO">[90m[[0m2024-07-15T13:20:12Z [32mINFO [0m[90m][0m Starting reverse identification</msg>
<msg timestamp="20240715 15:20:12.085" level="INFO">[90m[[0m2024-07-15T13:20:12Z [32mINFO [0m[90m][0m Finished reverse identification of 1 design model(s)</msg>
<msg timestamp="20240715 15:20:12.086" level="INFO">${NumFound} = 1</msg>
<status status="PASS" starttime="20240715 15:20:08.333" endtime="20240715 15:20:12.086"/>
</kw>
<kw name="Should Not Be Equal As Integers" library="BuiltIn">
<arg>${NumFound}</arg>
<arg>0</arg>
<doc>Fails if objects are equal after converting them to integers.</doc>
<msg timestamp="20240715 15:20:12.086" level="INFO">Argument types are:
&lt;class 'int'&gt;
&lt;class 'str'&gt;</msg>
<status status="PASS" starttime="20240715 15:20:12.086" endtime="20240715 15:20:12.086"/>
</kw>
<status status="PASS" starttime="20240715 15:20:08.332" endtime="20240715 15:20:12.086"/>
</test>
<test id="s1-t14" name="Test for examples_and_benchmarks/DASC2023/radar-aesa-function-scenario1-50" line="131">
<kw name="Try Explore" library="IDeSyDeLibrary">
<var>${NumFound}</var>
<arg>examples_and_benchmarks/DASC2023/radar-aesa-function-scenario1-50</arg>
<msg timestamp="20240715 15:20:15.219" level="INFO">[90m[[0m2024-07-15T13:20:12Z [32mINFO [0m[90m][0m Run directory is test_runs</msg>
<msg timestamp="20240715 15:20:15.219" level="INFO">[90m[[0m2024-07-15T13:20:12Z [32mINFO [0m[90m][0m Final output set to explored_and_integrated.fiodl</msg>
<msg timestamp="20240715 15:20:15.220" level="INFO">[90m[[0m2024-07-15T13:20:13Z [32mINFO [0m[90m][0m A total of 5 modules and 4 explorers were detected.</msg>
<msg timestamp="20240715 15:20:15.220" level="INFO">[90m[[0m2024-07-15T13:20:13Z [32mINFO [0m[90m][0m Starting identification with 0 pre-identified decision models</msg>
<msg timestamp="20240715 15:20:15.221" level="INFO">[90m[[0m2024-07-15T13:20:15Z [32mINFO [0m[90m][0m Identified 9 decision model(s)</msg>
<msg timestamp="20240715 15:20:15.221" level="INFO">[90m[[0m2024-07-15T13:20:15Z [32mINFO [0m[90m][0m Acquired 0 dominant bidding(s) out of 0 bidding(s)</msg>
<msg timestamp="20240715 15:20:15.221" level="INFO">[90m[[0m2024-07-15T13:20:15Z [32mINFO [0m[90m][0m No dominant bidding to start exploration. Finished</msg>
<msg timestamp="20240715 15:20:15.221" level="INFO">${NumFound} = 0</msg>
<status status="PASS" starttime="20240715 15:20:12.087" endtime="20240715 15:20:15.221"/>
</kw>
<kw name="Should Be Equal As Integers" library="BuiltIn">
<arg>${NumFound}</arg>
<arg>0</arg>
<doc>Fails if objects are unequal after converting them to integers.</doc>
<msg timestamp="20240715 15:20:15.222" level="INFO">Argument types are:
&lt;class 'int'&gt;
&lt;class 'str'&gt;</msg>
<status status="PASS" starttime="20240715 15:20:15.221" endtime="20240715 15:20:15.222"/>
</kw>
<status status="PASS" starttime="20240715 15:20:12.087" endtime="20240715 15:20:15.222"/>
</test>
<test id="s1-t15" name="Test for examples_and_benchmarks/DASC2023/radar-aesa-function-scenario2" line="141">
<kw name="Try Explore" library="IDeSyDeLibrary">
<var>${NumFound}</var>
<arg>examples_and_benchmarks/DASC2023/radar-aesa-function-scenario2</arg>
<msg timestamp="20240715 15:20:18.352" level="INFO">[90m[[0m2024-07-15T13:20:15Z [32mINFO [0m[90m][0m Run directory is test_runs</msg>
<msg timestamp="20240715 15:20:18.352" level="INFO">[90m[[0m2024-07-15T13:20:15Z [32mINFO [0m[90m][0m Final output set to explored_and_integrated.fiodl</msg>
<msg timestamp="20240715 15:20:18.353" level="INFO">[90m[[0m2024-07-15T13:20:16Z [32mINFO [0m[90m][0m A total of 5 modules and 4 explorers were detected.</msg>
<msg timestamp="20240715 15:20:18.353" level="INFO">[90m[[0m2024-07-15T13:20:16Z [32mINFO [0m[90m][0m Starting identification with 0 pre-identified decision models</msg>
<msg timestamp="20240715 15:20:18.354" level="INFO">[90m[[0m2024-07-15T13:20:18Z [32mINFO [0m[90m][0m Identified 9 decision model(s)</msg>
<msg timestamp="20240715 15:20:18.354" level="INFO">[90m[[0m2024-07-15T13:20:18Z [32mINFO [0m[90m][0m Acquired 0 dominant bidding(s) out of 0 bidding(s)</msg>
<msg timestamp="20240715 15:20:18.354" level="INFO">[90m[[0m2024-07-15T13:20:18Z [32mINFO [0m[90m][0m No dominant bidding to start exploration. Finished</msg>
<msg timestamp="20240715 15:20:18.355" level="INFO">${NumFound} = 0</msg>
<status status="PASS" starttime="20240715 15:20:15.223" endtime="20240715 15:20:18.355"/>
</kw>
<kw name="Should Be Equal As Integers" library="BuiltIn">
<arg>${NumFound}</arg>
<arg>0</arg>
<doc>Fails if objects are unequal after converting them to integers.</doc>
<msg timestamp="20240715 15:20:18.356" level="INFO">Argument types are:
&lt;class 'int'&gt;
&lt;class 'str'&gt;</msg>
<status status="PASS" starttime="20240715 15:20:18.355" endtime="20240715 15:20:18.356"/>
</kw>
<status status="PASS" starttime="20240715 15:20:15.222" endtime="20240715 15:20:18.356"/>
</test>
<test id="s1-t16" name="Test for examples_and_benchmarks/PANORAMA/flight-information-function" line="150">
<kw name="Try Explore" library="IDeSyDeLibrary">
<var>${NumFound}</var>
<arg>examples_and_benchmarks/PANORAMA/flight-information-function</arg>
<msg timestamp="20240715 15:20:22.756" level="INFO">[90m[[0m2024-07-15T13:20:18Z [32mINFO [0m[90m][0m Run directory is test_runs</msg>
<msg timestamp="20240715 15:20:22.756" level="INFO">[90m[[0m2024-07-15T13:20:18Z [32mINFO [0m[90m][0m Final output set to explored_and_integrated.fiodl</msg>
<msg timestamp="20240715 15:20:22.756" level="INFO">[90m[[0m2024-07-15T13:20:19Z [32mINFO [0m[90m][0m A total of 5 modules and 4 explorers were detected.</msg>
<msg timestamp="20240715 15:20:22.756" level="INFO">[90m[[0m2024-07-15T13:20:19Z [32mINFO [0m[90m][0m Starting identification with 0 pre-identified decision models</msg>
<msg timestamp="20240715 15:20:22.757" level="INFO">[90m[[0m2024-07-15T13:20:21Z [32mINFO [0m[90m][0m Identified 10 decision model(s)</msg>
<msg timestamp="20240715 15:20:22.757" level="INFO">[90m[[0m2024-07-15T13:20:21Z [32mINFO [0m[90m][0m Acquired 1 dominant bidding(s) out of 1 bidding(s)</msg>
<msg timestamp="20240715 15:20:22.757" level="INFO">[90m[[0m2024-07-15T13:20:21Z [32mINFO [0m[90m][0m Starting exploration up to 1 solution(s)</msg>
<msg timestamp="20240715 15:20:22.758" level="INFO">[90m[[0m2024-07-15T13:20:22Z [32mINFO [0m[90m][0m Finished exploration with 1 total and 1 dominant solution(s)</msg>
<msg timestamp="20240715 15:20:22.758" level="INFO">[90m[[0m2024-07-15T13:20:22Z [32mINFO [0m[90m][0m Starting reverse identification</msg>
<msg timestamp="20240715 15:20:22.758" level="INFO">[90m[[0m2024-07-15T13:20:22Z [32mINFO [0m[90m][0m Finished reverse identification of 1 design model(s)</msg>
<msg timestamp="20240715 15:20:22.758" level="INFO">${NumFound} = 1</msg>
<status status="PASS" starttime="20240715 15:20:18.358" endtime="20240715 15:20:22.758"/>
</kw>
<kw name="Should Not Be Equal As Integers" library="BuiltIn">
<arg>${NumFound}</arg>
<arg>0</arg>
<doc>Fails if objects are equal after converting them to integers.</doc>
<msg timestamp="20240715 15:20:22.759" level="INFO">Argument types are:
&lt;class 'int'&gt;
&lt;class 'str'&gt;</msg>
<status status="PASS" starttime="20240715 15:20:22.758" endtime="20240715 15:20:22.759"/>
</kw>
<status status="PASS" starttime="20240715 15:20:18.357" endtime="20240715 15:20:22.759"/>
</test>
<test id="s1-t17" name="Test for examples_and_benchmarks/small_and_explainable/sobel_to_bus_multicore" line="163">
<kw name="Try Explore" library="IDeSyDeLibrary">
<var>${NumFound}</var>
<arg>examples_and_benchmarks/small_and_explainable/sobel_to_bus_multicore</arg>
<msg timestamp="20240715 15:20:28.368" level="INFO">[90m[[0m2024-07-15T13:20:22Z [32mINFO [0m[90m][0m Run directory is test_runs</msg>
<msg timestamp="20240715 15:20:28.368" level="INFO">[90m[[0m2024-07-15T13:20:22Z [32mINFO [0m[90m][0m Final output set to explored_and_integrated.fiodl</msg>
<msg timestamp="20240715 15:20:28.369" level="INFO">[90m[[0m2024-07-15T13:20:24Z [32mINFO [0m[90m][0m A total of 5 modules and 4 explorers were detected.</msg>
<msg timestamp="20240715 15:20:28.369" level="INFO">[90m[[0m2024-07-15T13:20:24Z [32mINFO [0m[90m][0m Starting identification with 0 pre-identified decision models</msg>
<msg timestamp="20240715 15:20:28.369" level="INFO">[90m[[0m2024-07-15T13:20:27Z [32mINFO [0m[90m][0m Identified 20 decision model(s)</msg>
<msg timestamp="20240715 15:20:28.369" level="INFO">[90m[[0m2024-07-15T13:20:27Z [32mINFO [0m[90m][0m Acquired 5 dominant bidding(s) out of 5 bidding(s)</msg>
<msg timestamp="20240715 15:20:28.369" level="INFO">[90m[[0m2024-07-15T13:20:27Z [32mINFO [0m[90m][0m Starting exploration up to 1 solution(s)</msg>
<msg timestamp="20240715 15:20:28.369" level="INFO">[90m[[0m2024-07-15T13:20:28Z [32mINFO [0m[90m][0m Finished exploration with 1 total and 1 dominant solution(s)</msg>
<msg timestamp="20240715 15:20:28.369" level="INFO">[90m[[0m2024-07-15T13:20:28Z [32mINFO [0m[90m][0m Starting reverse identification</msg>
<msg timestamp="20240715 15:20:28.369" level="INFO">[90m[[0m2024-07-15T13:20:28Z [32mINFO [0m[90m][0m Finished reverse identification of 1 design model(s)</msg>
<msg timestamp="20240715 15:20:28.369" level="INFO">${NumFound} = 1</msg>
<status status="PASS" starttime="20240715 15:20:22.760" endtime="20240715 15:20:28.369"/>
</kw>
<kw name="Should Not Be Equal As Integers" library="BuiltIn">
<arg>${NumFound}</arg>
<arg>0</arg>
<doc>Fails if objects are equal after converting them to integers.</doc>
<msg timestamp="20240715 15:20:28.370" level="INFO">Argument types are:
&lt;class 'int'&gt;
&lt;class 'str'&gt;</msg>
<status status="PASS" starttime="20240715 15:20:28.369" endtime="20240715 15:20:28.370"/>
</kw>
<status status="PASS" starttime="20240715 15:20:22.759" endtime="20240715 15:20:28.370"/>
</test>
<test id="s1-t18" name="Test for examples_and_benchmarks/novel/programmable_logic_area/tc1" line="178">
<kw name="Try Explore" library="IDeSyDeLibrary">
<var>${NumFound}</var>
<arg>examples_and_benchmarks/novel/programmable_logic_area/MPSoC.fiodl,examples_and_benchmarks/novel/programmable_logic_area/tc1.fiodl</arg>
<msg timestamp="20240715 15:20:33.790" level="INFO">[90m[[0m2024-07-15T13:20:28Z [32mINFO [0m[90m][0m Run directory is test_runs</msg>
<msg timestamp="20240715 15:20:33.790" level="INFO">[90m[[0m2024-07-15T13:20:28Z [32mINFO [0m[90m][0m Final output set to explored_and_integrated.fiodl</msg>
<msg timestamp="20240715 15:20:33.790" level="INFO">[90m[[0m2024-07-15T13:20:29Z [32mINFO [0m[90m][0m A total of 5 modules and 4 explorers were detected.</msg>
<msg timestamp="20240715 15:20:33.790" level="INFO">[90m[[0m2024-07-15T13:20:29Z [32mINFO [0m[90m][0m Starting identification with 0 pre-identified decision models</msg>
<msg timestamp="20240715 15:20:33.791" level="INFO">[90m[[0m2024-07-15T13:20:32Z [32mINFO [0m[90m][0m Identified 17 decision model(s)</msg>
<msg timestamp="20240715 15:20:33.791" level="INFO">[90m[[0m2024-07-15T13:20:32Z [32mINFO [0m[90m][0m Acquired 2 dominant bidding(s) out of 2 bidding(s)</msg>
<msg timestamp="20240715 15:20:33.791" level="INFO">[90m[[0m2024-07-15T13:20:32Z [32mINFO [0m[90m][0m Starting exploration up to 1 solution(s)</msg>
<msg timestamp="20240715 15:20:33.791" level="INFO">[90m[[0m2024-07-15T13:20:33Z [32mINFO [0m[90m][0m Finished exploration with 1 total and 1 dominant solution(s)</msg>
<msg timestamp="20240715 15:20:33.791" level="INFO">[90m[[0m2024-07-15T13:20:33Z [32mINFO [0m[90m][0m Starting reverse identification</msg>
<msg timestamp="20240715 15:20:33.791" level="INFO">[90m[[0m2024-07-15T13:20:33Z [32mINFO [0m[90m][0m Finished reverse identification of 1 design model(s)</msg>
<msg timestamp="20240715 15:20:33.792" level="INFO">${NumFound} = 1</msg>
<status status="PASS" starttime="20240715 15:20:28.371" endtime="20240715 15:20:33.792"/>
</kw>
<kw name="Should Not Be Equal As Integers" library="BuiltIn">
<arg>${NumFound}</arg>
<arg>0</arg>
<doc>Fails if objects are equal after converting them to integers.</doc>
<msg timestamp="20240715 15:20:33.792" level="INFO">Argument types are:
&lt;class 'int'&gt;
&lt;class 'str'&gt;</msg>
<status status="PASS" starttime="20240715 15:20:33.792" endtime="20240715 15:20:33.792"/>
</kw>
<status status="PASS" starttime="20240715 15:20:28.370" endtime="20240715 15:20:33.793"/>
</test>
<test id="s1-t19" name="Test for examples_and_benchmarks/novel/programmable_logic_area/tc2" line="182">
<kw name="Try Explore" library="IDeSyDeLibrary">
<var>${NumFound}</var>
<arg>examples_and_benchmarks/novel/programmable_logic_area/tc2.fiodl,examples_and_benchmarks/novel/programmable_logic_area/MPSoC.fiodl</arg>
<msg timestamp="20240715 15:20:39.191" level="INFO">[90m[[0m2024-07-15T13:20:33Z [32mINFO [0m[90m][0m Run directory is test_runs</msg>
<msg timestamp="20240715 15:20:39.191" level="INFO">[90m[[0m2024-07-15T13:20:33Z [32mINFO [0m[90m][0m Final output set to explored_and_integrated.fiodl</msg>
<msg timestamp="20240715 15:20:39.191" level="INFO">[90m[[0m2024-07-15T13:20:35Z [32mINFO [0m[90m][0m A total of 5 modules and 4 explorers were detected.</msg>
<msg timestamp="20240715 15:20:39.191" level="INFO">[90m[[0m2024-07-15T13:20:35Z [32mINFO [0m[90m][0m Starting identification with 0 pre-identified decision models</msg>
<msg timestamp="20240715 15:20:39.193" level="INFO">[90m[[0m2024-07-15T13:20:37Z [32mINFO [0m[90m][0m Identified 18 decision model(s)</msg>
<msg timestamp="20240715 15:20:39.193" level="INFO">[90m[[0m2024-07-15T13:20:38Z [32mINFO [0m[90m][0m Acquired 2 dominant bidding(s) out of 3 bidding(s)</msg>
<msg timestamp="20240715 15:20:39.193" level="INFO">[90m[[0m2024-07-15T13:20:38Z [32mINFO [0m[90m][0m Starting exploration up to 1 solution(s)</msg>
<msg timestamp="20240715 15:20:39.193" level="INFO">[90m[[0m2024-07-15T13:20:39Z [32mINFO [0m[90m][0m Finished exploration with 1 total and 1 dominant solution(s)</msg>
<msg timestamp="20240715 15:20:39.193" level="INFO">[90m[[0m2024-07-15T13:20:39Z [32mINFO [0m[90m][0m Starting reverse identification</msg>
<msg timestamp="20240715 15:20:39.193" level="INFO">[90m[[0m2024-07-15T13:20:39Z [32mINFO [0m[90m][0m Finished reverse identification of 1 design model(s)</msg>
<msg timestamp="20240715 15:20:39.193" level="INFO">${NumFound} = 1</msg>
<status status="PASS" starttime="20240715 15:20:33.793" endtime="20240715 15:20:39.193"/>
</kw>
<kw name="Should Not Be Equal As Integers" library="BuiltIn">
<arg>${NumFound}</arg>
<arg>0</arg>
<doc>Fails if objects are equal after converting them to integers.</doc>
<msg timestamp="20240715 15:20:39.194" level="INFO">Argument types are:
&lt;class 'int'&gt;
&lt;class 'str'&gt;</msg>
<status status="PASS" starttime="20240715 15:20:39.194" endtime="20240715 15:20:39.194"/>
</kw>
<status status="PASS" starttime="20240715 15:20:33.793" endtime="20240715 15:20:39.195"/>
</test>
<test id="s1-t20" name="Test for examples_and_benchmarks/novel/programmable_logic_area/tc3" line="186">
<kw name="Try Explore" library="IDeSyDeLibrary">
<var>${NumFound}</var>
<arg>examples_and_benchmarks/novel/programmable_logic_area/tc3.fiodl,examples_and_benchmarks/novel/programmable_logic_area/MPSoC.fiodl</arg>
<msg timestamp="20240715 15:20:43.825" level="INFO">[90m[[0m2024-07-15T13:20:39Z [32mINFO [0m[90m][0m Run directory is test_runs</msg>
<msg timestamp="20240715 15:20:43.825" level="INFO">[90m[[0m2024-07-15T13:20:39Z [32mINFO [0m[90m][0m Final output set to explored_and_integrated.fiodl</msg>
<msg timestamp="20240715 15:20:43.826" level="INFO">[90m[[0m2024-07-15T13:20:40Z [32mINFO [0m[90m][0m A total of 5 modules and 4 explorers were detected.</msg>
<msg timestamp="20240715 15:20:43.826" level="INFO">[90m[[0m2024-07-15T13:20:40Z [32mINFO [0m[90m][0m Starting identification with 0 pre-identified decision models</msg>
<msg timestamp="20240715 15:20:43.827" level="INFO">[90m[[0m2024-07-15T13:20:43Z [32mINFO [0m[90m][0m Identified 17 decision model(s)</msg>
<msg timestamp="20240715 15:20:43.828" level="INFO">[90m[[0m2024-07-15T13:20:43Z [32mINFO [0m[90m][0m Acquired 2 dominant bidding(s) out of 2 bidding(s)</msg>
<msg timestamp="20240715 15:20:43.828" level="INFO">[90m[[0m2024-07-15T13:20:43Z [32mINFO [0m[90m][0m Starting exploration up to 1 solution(s)</msg>
<msg timestamp="20240715 15:20:43.828" level="INFO">[90m[[0m2024-07-15T13:20:43Z [32mINFO [0m[90m][0m Finished exploration with 0 total and 0 dominant solution(s)</msg>
<msg timestamp="20240715 15:20:43.828" level="INFO">[90m[[0m2024-07-15T13:20:43Z [32mINFO [0m[90m][0m No solution to reverse identify</msg>
<msg timestamp="20240715 15:20:43.828" level="INFO">${NumFound} = 0</msg>
<status status="PASS" starttime="20240715 15:20:39.196" endtime="20240715 15:20:43.828"/>
</kw>
<kw name="Should Be Equal As Integers" library="BuiltIn">
<arg>${NumFound}</arg>
<arg>0</arg>
<doc>Fails if objects are unequal after converting them to integers.</doc>
<msg timestamp="20240715 15:20:43.829" level="INFO">Argument types are:
&lt;class 'int'&gt;
&lt;class 'str'&gt;</msg>
<status status="PASS" starttime="20240715 15:20:43.829" endtime="20240715 15:20:43.829"/>
</kw>
<status status="PASS" starttime="20240715 15:20:39.195" endtime="20240715 15:20:43.830"/>
</test>
<test id="s1-t21" name="Test for examples_and_benchmarks/novel/programmable_logic_area/tc3_feasible" line="190">
<kw name="Try Explore" library="IDeSyDeLibrary">
<var>${NumFound}</var>
<arg>examples_and_benchmarks/novel/programmable_logic_area/tc3_feasible.fiodl,examples_and_benchmarks/novel/programmable_logic_area/MPSoC.fiodl</arg>
<msg timestamp="20240715 15:20:49.167" level="INFO">[90m[[0m2024-07-15T13:20:43Z [32mINFO [0m[90m][0m Run directory is test_runs</msg>
<msg timestamp="20240715 15:20:49.167" level="INFO">[90m[[0m2024-07-15T13:20:43Z [32mINFO [0m[90m][0m Final output set to explored_and_integrated.fiodl</msg>
<msg timestamp="20240715 15:20:49.167" level="INFO">[90m[[0m2024-07-15T13:20:45Z [32mINFO [0m[90m][0m A total of 5 modules and 4 explorers were detected.</msg>
<msg timestamp="20240715 15:20:49.167" level="INFO">[90m[[0m2024-07-15T13:20:45Z [32mINFO [0m[90m][0m Starting identification with 0 pre-identified decision models</msg>
<msg timestamp="20240715 15:20:49.168" level="INFO">[90m[[0m2024-07-15T13:20:47Z [32mINFO [0m[90m][0m Identified 17 decision model(s)</msg>
<msg timestamp="20240715 15:20:49.168" level="INFO">[90m[[0m2024-07-15T13:20:48Z [32mINFO [0m[90m][0m Acquired 2 dominant bidding(s) out of 2 bidding(s)</msg>
<msg timestamp="20240715 15:20:49.168" level="INFO">[90m[[0m2024-07-15T13:20:48Z [32mINFO [0m[90m][0m Starting exploration up to 1 solution(s)</msg>
<msg timestamp="20240715 15:20:49.168" level="INFO">[90m[[0m2024-07-15T13:20:48Z [32mINFO [0m[90m][0m Finished exploration with 1 total and 1 dominant solution(s)</msg>
<msg timestamp="20240715 15:20:49.168" level="INFO">[90m[[0m2024-07-15T13:20:48Z [32mINFO [0m[90m][0m Starting reverse identification</msg>
<msg timestamp="20240715 15:20:49.168" level="INFO">[90m[[0m2024-07-15T13:20:49Z [32mINFO [0m[90m][0m Finished reverse identification of 1 design model(s)</msg>
<msg timestamp="20240715 15:20:49.169" level="INFO">${NumFound} = 1</msg>
<status status="PASS" starttime="20240715 15:20:43.831" endtime="20240715 15:20:49.169"/>
</kw>
<kw name="Should Not Be Equal As Integers" library="BuiltIn">
<arg>${NumFound}</arg>
<arg>0</arg>
<doc>Fails if objects are equal after converting them to integers.</doc>
<msg timestamp="20240715 15:20:49.169" level="INFO">Argument types are:
&lt;class 'int'&gt;
&lt;class 'str'&gt;</msg>
<status status="PASS" starttime="20240715 15:20:49.169" endtime="20240715 15:20:49.169"/>
</kw>
<status status="PASS" starttime="20240715 15:20:43.830" endtime="20240715 15:20:49.170"/>
</test>
<test id="s1-t22" name="Test for examples_and_benchmarks/novel/programmable_logic_area/tc45" line="194">
<kw name="Try Explore" library="IDeSyDeLibrary">
<var>${NumFound}</var>
<arg>examples_and_benchmarks/novel/programmable_logic_area/tc45.fiodl,examples_and_benchmarks/novel/programmable_logic_area/MPSoC.fiodl</arg>
<msg timestamp="20240715 15:20:54.512" level="INFO">[90m[[0m2024-07-15T13:20:49Z [32mINFO [0m[90m][0m Run directory is test_runs</msg>
<msg timestamp="20240715 15:20:54.512" level="INFO">[90m[[0m2024-07-15T13:20:49Z [32mINFO [0m[90m][0m Final output set to explored_and_integrated.fiodl</msg>
<msg timestamp="20240715 15:20:54.512" level="INFO">[90m[[0m2024-07-15T13:20:50Z [32mINFO [0m[90m][0m A total of 5 modules and 4 explorers were detected.</msg>
<msg timestamp="20240715 15:20:54.512" level="INFO">[90m[[0m2024-07-15T13:20:50Z [32mINFO [0m[90m][0m Starting identification with 0 pre-identified decision models</msg>
<msg timestamp="20240715 15:20:54.514" level="INFO">[90m[[0m2024-07-15T13:20:53Z [32mINFO [0m[90m][0m Identified 18 decision model(s)</msg>
<msg timestamp="20240715 15:20:54.514" level="INFO">[90m[[0m2024-07-15T13:20:53Z [32mINFO [0m[90m][0m Acquired 2 dominant bidding(s) out of 3 bidding(s)</msg>
<msg timestamp="20240715 15:20:54.514" level="INFO">[90m[[0m2024-07-15T13:20:53Z [32mINFO [0m[90m][0m Starting exploration up to 1 solution(s)</msg>
<msg timestamp="20240715 15:20:54.514" level="INFO">[90m[[0m2024-07-15T13:20:54Z [32mINFO [0m[90m][0m Finished exploration with 1 total and 1 dominant solution(s)</msg>
<msg timestamp="20240715 15:20:54.514" level="INFO">[90m[[0m2024-07-15T13:20:54Z [32mINFO [0m[90m][0m Starting reverse identification</msg>
<msg timestamp="20240715 15:20:54.514" level="INFO">[90m[[0m2024-07-15T13:20:54Z [32mINFO [0m[90m][0m Finished reverse identification of 1 design model(s)</msg>
<msg timestamp="20240715 15:20:54.514" level="INFO">${NumFound} = 1</msg>
<status status="PASS" starttime="20240715 15:20:49.171" endtime="20240715 15:20:54.514"/>
</kw>
<kw name="Should Not Be Equal As Integers" library="BuiltIn">
<arg>${NumFound}</arg>
<arg>0</arg>
<doc>Fails if objects are equal after converting them to integers.</doc>
<msg timestamp="20240715 15:20:54.515" level="INFO">Argument types are:
&lt;class 'int'&gt;
&lt;class 'str'&gt;</msg>
<status status="PASS" starttime="20240715 15:20:54.515" endtime="20240715 15:20:54.515"/>
</kw>
<status status="PASS" starttime="20240715 15:20:49.170" endtime="20240715 15:20:54.515"/>
</test>
<status status="PASS" starttime="20240715 15:18:44.872" endtime="20240715 15:20:54.517"/>
</suite>
<statistics>
<total>
<stat pass="22" fail="0" skip="0">All Tests</stat>
</total>
<tag>
</tag>
<suite>
<stat pass="22" fail="0" skip="0" id="s1" name="TestsBenchmark">TestsBenchmark</stat>
</suite>
</statistics>
<errors>
</errors>
</robot>
